<?xml version="1.0" encoding="UTF-8"?>
<testng-results ignored="0" total="3" passed="3" failed="0" skipped="0">
  <reporter-output>
  </reporter-output>
  <suite started-at="2023-08-10T19:42:52 IST" name="Default suite" finished-at="2023-08-10T19:42:56 IST" duration-ms="3219">
    <groups>
    </groups>
    <test started-at="2023-08-10T19:42:52 IST" name="Default test" finished-at="2023-08-10T19:42:56 IST" duration-ms="3219">
      <class name="Test.PutPatchDelete">
        <test-method signature="testDelete()[pri:0, instance:Test.PutPatchDelete@2ea41516]" started-at="2023-08-10T19:42:52 IST" name="testDelete" finished-at="2023-08-10T19:42:54 IST" duration-ms="2008" status="PASS">
          <reporter-output>
          </reporter-output>
        </test-method> <!-- testDelete -->
        <test-method signature="testPatch()[pri:0, instance:Test.PutPatchDelete@2ea41516]" started-at="2023-08-10T19:42:54 IST" name="testPatch" finished-at="2023-08-10T19:42:55 IST" duration-ms="691" status="PASS">
          <reporter-output>
          </reporter-output>
        </test-method> <!-- testPatch -->
        <test-method signature="testPut()[pri:0, instance:Test.PutPatchDelete@2ea41516]" started-at="2023-08-10T19:42:55 IST" name="testPut" finished-at="2023-08-10T19:42:56 IST" duration-ms="470" status="PASS">
          <reporter-output>
          </reporter-output>
        </test-method> <!-- testPut -->
      </class> <!-- Test.PutPatchDelete -->
    </test> <!-- Default test -->
  </suite> <!-- Default suite -->
</testng-results>
