<?xml version="1.0" encoding="UTF-8"?>
<!-- Generated by org.testng.reporters.JUnitXMLReporter -->
<testsuite ignored="0" hostname="INLEN8520075944" failures="0" tests="3" name="Default test" time="3.219" errors="0" timestamp="2023-08-10T19:42:56 IST">
  <testcase classname="Test.PutPatchDelete" name="testDelete" time="2.008"/>
  <testcase classname="Test.PutPatchDelete" name="testPatch" time="0.691"/>
  <testcase classname="Test.PutPatchDelete" name="testPut" time="0.47"/>
</testsuite> <!-- Default test -->
